Unknown:
C:\Users\Mohamed\Final_Fields_assignment\field_assignment_final\Result\20260504320090.dat
C:\Users\Mohamed\Final_Fields_assignment\field_assignment_final\Result\20260504320090.log
C:\Users\Mohamed\Final_Fields_assignment\field_assignment_final\Result\202605043200912.dat
C:\Users\Mohamed\Final_Fields_assignment\field_assignment_final\Result\202605043200912.log
C:\Users\Mohamed\Final_Fields_assignment\field_assignment_final\Result\202605043200945.dat
C:\Users\Mohamed\Final_Fields_assignment\field_assignment_final\Result\202605043200945.log
C:\Users\Mohamed\Final_Fields_assignment\field_assignment_final\Result\hardware_resources.sconf
C:\Users\Mohamed\Final_Fields_assignment\field_assignment_final\Result\MeshViewBWC.rex
C:\Users\Mohamed\Final_Fields_assignment\field_assignment_final\Result\Model.log
C:\Users\Mohamed\Final_Fields_assignment\field_assignment_final\Result\Model.sa
C:\Users\Mohamed\Final_Fields_assignment\field_assignment_final\Result\Postprocessing.log
Mesh:
C:\Users\Mohamed\Final_Fields_assignment\field_assignment_final\Result\3d.slim
C:\Users\Mohamed\Final_Fields_assignment\field_assignment_final\Result\3d_full.slim
C:\Users\Mohamed\Final_Fields_assignment\field_assignment_final\Result\bc3d.tet
C:\Users\Mohamed\Final_Fields_assignment\field_assignment_final\Result\log.tet
C:\Users\Mohamed\Final_Fields_assignment\field_assignment_final\Result\meshrelated.info
C:\Users\Mohamed\Final_Fields_assignment\field_assignment_final\Result\Mesh_Input.E2F.tet
C:\Users\Mohamed\Final_Fields_assignment\field_assignment_final\Result\Mesh_Input.Entities2Mesh.tet
C:\Users\Mohamed\Final_Fields_assignment\field_assignment_final\Result\Mesh_Input.Options.tet
C:\Users\Mohamed\Final_Fields_assignment\field_assignment_final\Result\Mesh_Input.QuasiModel.tet
C:\Users\Mohamed\Final_Fields_assignment\field_assignment_final\Result\Mesh_Output.QuasiModel.tet
C:\Users\Mohamed\Final_Fields_assignment\field_assignment_final\Result\Mesh_Output.U2F.tet
C:\Users\Mohamed\Final_Fields_assignment\field_assignment_final\Result\mir.tet
C:\Users\Mohamed\Final_Fields_assignment\field_assignment_final\Result\moegeom.tet
C:\Users\Mohamed\Final_Fields_assignment\field_assignment_final\Result\objectid.tet
C:\Users\Mohamed\Final_Fields_assignment\field_assignment_final\Result\sat.tet
C:\Users\Mohamed\Final_Fields_assignment\field_assignment_final\Result\topot.tet
Port:
