
              Logfile of Field Evaluation
              ===========================

Calculation window:
===================

 Coordinate System       : global (xyz)   cartesian
 Dimension               : 0D

                 low        high    stepsize
         ----------- ----------- -----------
       X         -70         -70           1
       Y           0           0           1
       Z          40          40           1

Evaluated field, component and result value:
============================================

 Evaluated field         : Potential [Es]
 Field component         : Scalar
 Complex                 : Real Part
 Result Value            : Field Value


Result Data:
============

 NData Points = 1

 Field Value  =  49026793472
